#
# There is insufficient memory for the Java Runtime Environment to continue.
# Native memory allocation (malloc) failed to allocate 2022896 bytes for Chunk::new
# Possible reasons:
#   The system is out of physical RAM or swap space
#   The process is running with CompressedOops enabled, and the Java Heap may be blocking the growth of the native heap
# Possible solutions:
#   Reduce memory load on the system
#   Increase physical memory or swap space
#   Check if swap backing store is full
#   Decrease Java heap size (-Xmx/-Xms)
#   Decrease number of Java threads
#   Decrease Java thread stack sizes (-Xss)
#   Set larger code cache with -XX:ReservedCodeCacheSize=
#   JVM is running with Unscaled Compressed Oops mode in which the Java heap is
#     placed in the first 4GB address space. The Java Heap base address is the
#     maximum limit for the native heap growth. Please use -XX:HeapBaseMinAddress
#     to set the Java Heap base and to place the Java Heap above 4GB virtual address.
# This output file may be truncated or incomplete.
#
#  Out of Memory Error (allocation.cpp:389), pid=19080, tid=0x0000000000005a3c
#
# JRE version: Java(TM) SE Runtime Environment (8.0_211-b12) (build 1.8.0_211-b12)
# Java VM: Java HotSpot(TM) 64-Bit Server VM (25.211-b12 mixed mode windows-amd64 compressed oops)
# Failed to write core dump. Minidumps are not enabled by default on client versions of Windows
#

---------------  T H R E A D  ---------------

Current thread (0x0000000019c8b800):  JavaThread "C2 CompilerThread1" daemon [_thread_in_native, id=23100, stack(0x000000001a550000,0x000000001a650000)]

Stack: [0x000000001a550000,0x000000001a650000]
[error occurred during error reporting (printing stack bounds), id 0xc0000005]

Native frames: (J=compiled Java code, j=interpreted, Vv=VM code, C=native code)


Current CompileTask:
C2:   3675 2988       4       java.net.URLClassLoader$1::run (5 bytes)


---------------  P R O C E S S  ---------------

Java Threads: ( => current thread )
  0x0000000019d83800 JavaThread "Service Thread" daemon [_thread_blocked, id=13980, stack(0x000000001a850000,0x000000001a950000)]
  0x0000000019cea000 JavaThread "C1 CompilerThread3" daemon [_thread_blocked, id=15584, stack(0x000000001a750000,0x000000001a850000)]
  0x0000000019ce6000 JavaThread "C2 CompilerThread2" daemon [_thread_in_native, id=10188, stack(0x000000001a650000,0x000000001a750000)]
=>0x0000000019c8b800 JavaThread "C2 CompilerThread1" daemon [_thread_in_native, id=23100, stack(0x000000001a550000,0x000000001a650000)]
  0x0000000019c89800 JavaThread "C2 CompilerThread0" daemon [_thread_blocked, id=22652, stack(0x000000001a450000,0x000000001a550000)]
  0x0000000019c88800 JavaThread "Attach Listener" daemon [_thread_blocked, id=14328, stack(0x000000001a350000,0x000000001a450000)]
  0x0000000019ce4800 JavaThread "Signal Dispatcher" daemon [_thread_blocked, id=8316, stack(0x000000001a250000,0x000000001a350000)]
  0x0000000019c70800 JavaThread "Finalizer" daemon [_thread_blocked, id=14584, stack(0x000000001a150000,0x000000001a250000)]
  0x0000000017e7d000 JavaThread "Reference Handler" daemon [_thread_blocked, id=9868, stack(0x000000001a050000,0x000000001a150000)]
  0x0000000002e82800 JavaThread "main" [_thread_blocked, id=22572, stack(0x0000000002c90000,0x0000000002d90000)]

Other Threads:
  0x0000000017e77000 VMThread [stack: 0x0000000019b50000,0x0000000019c50000] [id=7272]
  0x0000000019dbb000 WatcherThread [stack: 0x000000001a950000,0x000000001aa50000] [id=22600]

VM state:at safepoint (normal execution)

VM Mutex/Monitor currently owned by a thread:  ([mutex/lock_event])
[0x0000000002e7e1b0] Threads_lock - owner thread: 0x0000000017e77000
[0x0000000002e7e5b0] Heap_lock - owner thread: 0x0000000002e82800

heap address: 0x0000000082600000, size: 2010 MB, Compressed Oops mode: 32-bit
Narrow klass base: 0x0000000000000000, Narrow klass shift: 3
Compressed class space size: 1073741824 Address: 0x0000000100000000

Heap:
 PSYoungGen      total 70656K, used 64048K [0x00000000d6200000, 0x00000000dac00000, 0x0000000100000000)
  eden space 65536K, 89% used [0x00000000d6200000,0x00000000d9b94338,0x00000000da200000)
  from space 5120K, 99% used [0x00000000da700000,0x00000000dabf8030,0x00000000dac00000)
  to   space 5120K, 12% used [0x00000000da200000,0x00000000da2a0000,0x00000000da700000)
 ParOldGen       total 86016K, used 7024K [0x0000000082600000, 0x0000000087a00000, 0x00000000d6200000)
  object space 86016K, 8% used [0x0000000082600000,0x0000000082cdc100,0x0000000087a00000)
 Metaspace       used 20644K, capacity 21082K, committed 21296K, reserved 1069056K
  class space    used 2505K, capacity 2617K, committed 2688K, reserved 1048576K

Card table byte_map: [0x0000000012340000,0x0000000012730000] byte_map_base: 0x0000000011f2d000

Marking Bits: (ParMarkBitMap*) 0x00000000756d5ce0
 Begin Bits: [0x00000000131d0000, 0x0000000015138000)
 End Bits:   [0x0000000015138000, 0x00000000170a0000)

Polling page: 0x0000000001180000

CodeCache: size=245760Kb used=10402Kb max_used=10402Kb free=235357Kb
 bounds [0x0000000002f80000, 0x00000000039c0000, 0x0000000011f80000]
 total_blobs=3422 nmethods=3035 adapters=299
 compilation: enabled

Compilation events (10 events):
Event: 3.660 Thread 0x0000000019cea000 3034       1       java.net.Parts::getPath (5 bytes)
Event: 3.660 Thread 0x0000000019cea000 nmethod 3034 0x00000000039a4a90 code [0x00000000039a4be0, 0x00000000039a4cf0]
Event: 3.660 Thread 0x0000000019cea000 3035       1       java.net.Parts::getQuery (5 bytes)
Event: 3.660 Thread 0x0000000019cea000 nmethod 3035 0x00000000039a47d0 code [0x00000000039a4920, 0x00000000039a4a30]
Event: 3.660 Thread 0x0000000019cea000 3036       1       java.net.Parts::getRef (5 bytes)
Event: 3.660 Thread 0x0000000019cea000 nmethod 3036 0x00000000039a4510 code [0x00000000039a4660, 0x00000000039a4770]
Event: 3.664 Thread 0x0000000019cea000 3037       3       java.nio.charset.CharsetEncoder::<init> (16 bytes)
Event: 3.664 Thread 0x0000000019cea000 nmethod 3037 0x00000000039a4090 code [0x00000000039a4200, 0x00000000039a4428]
Event: 3.664 Thread 0x0000000019cea000 3038       3       java.nio.charset.CharsetEncoder::<init> (113 bytes)
Event: 3.665 Thread 0x0000000019cea000 nmethod 3038 0x00000000039a3590 code [0x00000000039a3760, 0x00000000039a3e48]

GC Heap History (8 events):
Event: 0.530 GC heap before
{Heap before GC invocations=1 (full 0):
 PSYoungGen      total 37888K, used 32768K [0x00000000d6200000, 0x00000000d8c00000, 0x0000000100000000)
  eden space 32768K, 100% used [0x00000000d6200000,0x00000000d8200000,0x00000000d8200000)
  from space 5120K, 0% used [0x00000000d8700000,0x00000000d8700000,0x00000000d8c00000)
  to   space 5120K, 0% used [0x00000000d8200000,0x00000000d8200000,0x00000000d8700000)
 ParOldGen       total 86016K, used 0K [0x0000000082600000, 0x0000000087a00000, 0x00000000d6200000)
  object space 86016K, 0% used [0x0000000082600000,0x0000000082600000,0x0000000087a00000)
 Metaspace       used 8020K, capacity 8200K, committed 8320K, reserved 1056768K
  class space    used 982K, capacity 1052K, committed 1152K, reserved 1048576K
Event: 0.536 GC heap after
Heap after GC invocations=1 (full 0):
 PSYoungGen      total 37888K, used 5095K [0x00000000d6200000, 0x00000000d8c00000, 0x0000000100000000)
  eden space 32768K, 0% used [0x00000000d6200000,0x00000000d6200000,0x00000000d8200000)
  from space 5120K, 99% used [0x00000000d8200000,0x00000000d86f9d38,0x00000000d8700000)
  to   space 5120K, 0% used [0x00000000d8700000,0x00000000d8700000,0x00000000d8c00000)
 ParOldGen       total 86016K, used 382K [0x0000000082600000, 0x0000000087a00000, 0x00000000d6200000)
  object space 86016K, 0% used [0x0000000082600000,0x000000008265fa70,0x0000000087a00000)
 Metaspace       used 8020K, capacity 8200K, committed 8320K, reserved 1056768K
  class space    used 982K, capacity 1052K, committed 1152K, reserved 1048576K
}
Event: 0.927 GC heap before
{Heap before GC invocations=2 (full 0):
 PSYoungGen      total 37888K, used 37863K [0x00000000d6200000, 0x00000000d8c00000, 0x0000000100000000)
  eden space 32768K, 100% used [0x00000000d6200000,0x00000000d8200000,0x00000000d8200000)
  from space 5120K, 99% used [0x00000000d8200000,0x00000000d86f9d38,0x00000000d8700000)
  to   space 5120K, 0% used [0x00000000d8700000,0x00000000d8700000,0x00000000d8c00000)
 ParOldGen       total 86016K, used 382K [0x0000000082600000, 0x0000000087a00000, 0x00000000d6200000)
  object space 86016K, 0% used [0x0000000082600000,0x000000008265fa70,0x0000000087a00000)
 Metaspace       used 11394K, capacity 11598K, committed 11776K, reserved 1058816K
  class space    used 1408K, capacity 1479K, committed 1536K, reserved 1048576K
Event: 0.935 GC heap after
Heap after GC invocations=2 (full 0):
 PSYoungGen      total 37888K, used 5099K [0x00000000d6200000, 0x00000000dac00000, 0x0000000100000000)
  eden space 32768K, 0% used [0x00000000d6200000,0x00000000d6200000,0x00000000d8200000)
  from space 5120K, 99% used [0x00000000d8700000,0x00000000d8bfac30,0x00000000d8c00000)
  to   space 5120K, 0% used [0x00000000d8200000,0x00000000d8200000,0x00000000d8700000)
 ParOldGen       total 86016K, used 2229K [0x0000000082600000, 0x0000000087a00000, 0x00000000d6200000)
  object space 86016K, 2% used [0x0000000082600000,0x000000008282d7a0,0x0000000087a00000)
 Metaspace       used 11394K, capacity 11598K, committed 11776K, reserved 1058816K
  class space    used 1408K, capacity 1479K, committed 1536K, reserved 1048576K
}
Event: 1.652 GC heap before
{Heap before GC invocations=3 (full 0):
 PSYoungGen      total 37888K, used 37867K [0x00000000d6200000, 0x00000000dac00000, 0x0000000100000000)
  eden space 32768K, 100% used [0x00000000d6200000,0x00000000d8200000,0x00000000d8200000)
  from space 5120K, 99% used [0x00000000d8700000,0x00000000d8bfac30,0x00000000d8c00000)
  to   space 5120K, 0% used [0x00000000d8200000,0x00000000d8200000,0x00000000d8700000)
 ParOldGen       total 86016K, used 2229K [0x0000000082600000, 0x0000000087a00000, 0x00000000d6200000)
  object space 86016K, 2% used [0x0000000082600000,0x000000008282d7a0,0x0000000087a00000)
 Metaspace       used 14924K, capacity 15208K, committed 15616K, reserved 1062912K
  class space    used 1830K, capacity 1942K, committed 2048K, reserved 1048576K
Event: 1.663 GC heap after
Heap after GC invocations=3 (full 0):
 PSYoungGen      total 37888K, used 5088K [0x00000000d6200000, 0x00000000dac00000, 0x0000000100000000)
  eden space 32768K, 0% used [0x00000000d6200000,0x00000000d6200000,0x00000000d8200000)
  from space 5120K, 99% used [0x00000000d8200000,0x00000000d86f8030,0x00000000d8700000)
  to   space 5120K, 0% used [0x00000000da700000,0x00000000da700000,0x00000000dac00000)
 ParOldGen       total 86016K, used 4973K [0x0000000082600000, 0x0000000087a00000, 0x00000000d6200000)
  object space 86016K, 5% used [0x0000000082600000,0x0000000082adb628,0x0000000087a00000)
 Metaspace       used 14924K, capacity 15208K, committed 15616K, reserved 1062912K
  class space    used 1830K, capacity 1942K, committed 2048K, reserved 1048576K
}
Event: 2.446 GC heap before
{Heap before GC invocations=4 (full 0):
 PSYoungGen      total 37888K, used 37856K [0x00000000d6200000, 0x00000000dac00000, 0x0000000100000000)
  eden space 32768K, 100% used [0x00000000d6200000,0x00000000d8200000,0x00000000d8200000)
  from space 5120K, 99% used [0x00000000d8200000,0x00000000d86f8030,0x00000000d8700000)
  to   space 5120K, 0% used [0x00000000da700000,0x00000000da700000,0x00000000dac00000)
 ParOldGen       total 86016K, used 4973K [0x0000000082600000, 0x0000000087a00000, 0x00000000d6200000)
  object space 86016K, 5% used [0x0000000082600000,0x0000000082adb628,0x0000000087a00000)
 Metaspace       used 15736K, capacity 16076K, committed 16384K, reserved 1062912K
  class space    used 1911K, capacity 2016K, committed 2048K, reserved 1048576K
Event: 2.455 GC heap after
Heap after GC invocations=4 (full 0):
 PSYoungGen      total 70656K, used 5088K [0x00000000d6200000, 0x00000000dac00000, 0x0000000100000000)
  eden space 65536K, 0% used [0x00000000d6200000,0x00000000d6200000,0x00000000da200000)
  from space 5120K, 99% used [0x00000000da700000,0x00000000dabf8030,0x00000000dac00000)
  to   space 5120K, 0% used [0x00000000da200000,0x00000000da200000,0x00000000da700000)
 ParOldGen       total 86016K, used 7024K [0x0000000082600000, 0x0000000087a00000, 0x00000000d6200000)
  object space 86016K, 8% used [0x0000000082600000,0x0000000082cdc100,0x0000000087a00000)
 Metaspace       used 15736K, capacity 16076K, committed 16384K, reserved 1062912K
  class space    used 1911K, capacity 2016K, committed 2048K, reserved 1048576K
}

Deoptimization events (10 events):
Event: 2.708 Thread 0x0000000002e82800 Uncommon trap: reason=bimorphic action=maybe_recompile pc=0x000000000361aa78 method=java.util.concurrent.ConcurrentHashMap.get(Ljava/lang/Object;)Ljava/lang/Object; @ 149
Event: 2.761 Thread 0x0000000002e82800 Uncommon trap: reason=bimorphic action=maybe_recompile pc=0x000000000361aa78 method=java.util.concurrent.ConcurrentHashMap.get(Ljava/lang/Object;)Ljava/lang/Object; @ 149
Event: 2.811 Thread 0x0000000002e82800 Uncommon trap: reason=bimorphic action=maybe_recompile pc=0x000000000361aa78 method=java.util.concurrent.ConcurrentHashMap.get(Ljava/lang/Object;)Ljava/lang/Object; @ 149
Event: 2.815 Thread 0x0000000002e82800 Uncommon trap: reason=bimorphic action=maybe_recompile pc=0x000000000361aa78 method=java.util.concurrent.ConcurrentHashMap.get(Ljava/lang/Object;)Ljava/lang/Object; @ 149
Event: 2.877 Thread 0x0000000002e82800 Uncommon trap: reason=unstable_if action=reinterpret pc=0x000000000371c474 method=org.codehaus.plexus.util.xml.pull.MXParser.parseAttribute()C @ 995
Event: 2.939 Thread 0x0000000002e82800 Uncommon trap: reason=array_check action=maybe_recompile pc=0x000000000380ce50 method=java.util.TimSort.binarySort([Ljava/lang/Object;IIILjava/util/Comparator;)V @ 183
Event: 2.939 Thread 0x0000000002e82800 Uncommon trap: reason=array_check action=maybe_recompile pc=0x000000000380ce50 method=java.util.TimSort.binarySort([Ljava/lang/Object;IIILjava/util/Comparator;)V @ 183
Event: 3.226 Thread 0x0000000002e82800 Uncommon trap: reason=predicate action=maybe_recompile pc=0x0000000003786750 method=sun.misc.Resource.getBytes()[B @ 53
Event: 3.657 Thread 0x0000000002e82800 Uncommon trap: reason=unstable_if action=reinterpret pc=0x000000000334b8d8 method=java.io.WinNTFileSystem.normalize(Ljava/lang/String;II)Ljava/lang/String; @ 90
Event: 3.657 Thread 0x0000000002e82800 Uncommon trap: reason=class_check action=maybe_recompile pc=0x0000000003190c50 method=sun.misc.URLClassPath.getLoader(I)Lsun/misc/URLClassPath$Loader; @ 94

Classes redefined (0 events):
No events

Internal exceptions (10 events):
Event: 1.259 Thread 0x0000000002e82800 Exception <a 'java/lang/NullPointerException'> (0x00000000d72c9f10) thrown at [C:\re\workspace\8-2-build-windows-amd64-cygwin\jdk8u211\12973\hotspot\src\share\vm\interpreter\linkResolver.cpp, line 1185]
Event: 1.259 Thread 0x0000000002e82800 Exception <a 'java/lang/NullPointerException'> (0x00000000d72ca128) thrown at [C:\re\workspace\8-2-build-windows-amd64-cygwin\jdk8u211\12973\hotspot\src\share\vm\interpreter\linkResolver.cpp, line 1185]
Event: 1.259 Thread 0x0000000002e82800 Exception <a 'java/lang/NullPointerException'> (0x00000000d72ca340) thrown at [C:\re\workspace\8-2-build-windows-amd64-cygwin\jdk8u211\12973\hotspot\src\share\vm\interpreter\linkResolver.cpp, line 1185]
Event: 1.260 Thread 0x0000000002e82800 Exception <a 'java/lang/NullPointerException'> (0x00000000d72d2e68) thrown at [C:\re\workspace\8-2-build-windows-amd64-cygwin\jdk8u211\12973\hotspot\src\share\vm\interpreter\linkResolver.cpp, line 1185]
Event: 1.260 Thread 0x0000000002e82800 Exception <a 'java/lang/NullPointerException'> (0x00000000d72d3080) thrown at [C:\re\workspace\8-2-build-windows-amd64-cygwin\jdk8u211\12973\hotspot\src\share\vm\interpreter\linkResolver.cpp, line 1185]
Event: 1.260 Thread 0x0000000002e82800 Exception <a 'java/lang/NullPointerException'> (0x00000000d72d3298) thrown at [C:\re\workspace\8-2-build-windows-amd64-cygwin\jdk8u211\12973\hotspot\src\share\vm\interpreter\linkResolver.cpp, line 1185]
Event: 1.484 Thread 0x0000000002e82800 Implicit null exception at 0x000000000333eed5 to 0x000000000333f0a5
Event: 1.484 Thread 0x0000000002e82800 Implicit null exception at 0x00000000032f72af to 0x00000000032f7319
Event: 1.594 Thread 0x0000000002e82800 Implicit null exception at 0x00000000035838f7 to 0x0000000003583b41
Event: 3.221 Thread 0x0000000002e82800 Exception <a 'java/lang/ClassNotFoundException': com/sun/tools/javac/api/JavacTool> (0x00000000d8e0dcc0) thrown at [C:\re\workspace\8-2-build-windows-amd64-cygwin\jdk8u211\12973\hotspot\src\share\vm\classfile\systemDictionary.cpp, line 210]

Events (10 events):
Event: 3.667 loading class sun/misc/FloatingDecimal$HexFloatPattern
Event: 3.667 loading class sun/misc/FloatingDecimal$HexFloatPattern done
Event: 3.667 loading class com/sun/tools/javac/parser/UnicodeReader
Event: 3.667 loading class com/sun/tools/javac/parser/UnicodeReader done
Event: 3.668 loading class com/sun/tools/javac/parser/JavacParser
Event: 3.668 loading class com/sun/tools/javac/parser/JavacParser done
Event: 3.670 loading class com/sun/tools/javac/tree/EndPosTable
Event: 3.670 loading class com/sun/tools/javac/tree/EndPosTable done
Event: 3.671 loading class com/sun/tools/javac/parser/JavacParser$ErrorRecoveryAction
Event: 3.671 loading class com/sun/tools/javac/parser/JavacParser$ErrorRecoveryAction done


Dynamic libraries:
0x00007ff78ec50000 - 0x00007ff78ec87000 	C:\Program Files\Java\jdk1.8.0_211\bin\java.exe
0x00007ffe334a0000 - 0x00007ffe336a7000 	C:\WINDOWS\SYSTEM32\ntdll.dll
0x00007ffe32880000 - 0x00007ffe3293d000 	C:\WINDOWS\System32\KERNEL32.DLL
0x00007ffe30990000 - 0x00007ffe30d04000 	C:\WINDOWS\System32\KERNELBASE.dll
0x00007ffe32720000 - 0x00007ffe327ce000 	C:\WINDOWS\System32\ADVAPI32.dll
0x00007ffe32650000 - 0x00007ffe326f3000 	C:\WINDOWS\System32\msvcrt.dll
0x00007ffe31dd0000 - 0x00007ffe31e6e000 	C:\WINDOWS\System32\sechost.dll
0x00007ffe32c60000 - 0x00007ffe32d80000 	C:\WINDOWS\System32\RPCRT4.dll
0x00007ffe32ab0000 - 0x00007ffe32c5c000 	C:\WINDOWS\System32\USER32.dll
0x00007ffe311f0000 - 0x00007ffe31216000 	C:\WINDOWS\System32\win32u.dll
0x00007ffe31e70000 - 0x00007ffe31e99000 	C:\WINDOWS\System32\GDI32.dll
0x00007ffe30ea0000 - 0x00007ffe30fb2000 	C:\WINDOWS\System32\gdi32full.dll
0x00007ffe30d10000 - 0x00007ffe30dad000 	C:\WINDOWS\System32\msvcp_win.dll
0x00007ffe31220000 - 0x00007ffe31331000 	C:\WINDOWS\System32\ucrtbase.dll
0x00007ffe1a310000 - 0x00007ffe1a5b5000 	C:\WINDOWS\WinSxS\amd64_microsoft.windows.common-controls_6595b64144ccf1df_6.0.22000.120_none_9d947278b86cc467\COMCTL32.dll
0x00007ffe32940000 - 0x00007ffe32971000 	C:\WINDOWS\System32\IMM32.DLL
0x0000000076ef0000 - 0x0000000076fc2000 	C:\Program Files\Java\jdk1.8.0_211\jre\bin\msvcr100.dll
0x0000000074eb0000 - 0x0000000075755000 	C:\Program Files\Java\jdk1.8.0_211\jre\bin\server\jvm.dll
0x00007ffe31dc0000 - 0x00007ffe31dc8000 	C:\WINDOWS\System32\PSAPI.DLL
0x00007ffe2ac70000 - 0x00007ffe2aca3000 	C:\WINDOWS\SYSTEM32\WINMM.dll
0x00007ffe28960000 - 0x00007ffe2896a000 	C:\WINDOWS\SYSTEM32\VERSION.dll
0x00007ffe13990000 - 0x00007ffe13999000 	C:\WINDOWS\SYSTEM32\WSOCK32.dll
0x00007ffe331c0000 - 0x00007ffe3322f000 	C:\WINDOWS\System32\WS2_32.dll
0x00007ffe2b680000 - 0x00007ffe2b68f000 	C:\Program Files\Java\jdk1.8.0_211\jre\bin\verify.dll
0x00007ffe1fbb0000 - 0x00007ffe1fbd9000 	C:\Program Files\Java\jdk1.8.0_211\jre\bin\java.dll
0x00007ffe2afb0000 - 0x00007ffe2afc6000 	C:\Program Files\Java\jdk1.8.0_211\jre\bin\zip.dll
0x00007ffe31ea0000 - 0x00007ffe3264e000 	C:\WINDOWS\System32\SHELL32.dll
0x00007ffe2eb00000 - 0x00007ffe2f367000 	C:\WINDOWS\SYSTEM32\windows.storage.dll
0x00007ffe32e40000 - 0x00007ffe331b8000 	C:\WINDOWS\System32\combase.dll
0x00007ffe2e990000 - 0x00007ffe2eaf6000 	C:\WINDOWS\SYSTEM32\wintypes.dll
0x00007ffe31ad0000 - 0x00007ffe31bba000 	C:\WINDOWS\System32\SHCORE.dll
0x00007ffe31a70000 - 0x00007ffe31acd000 	C:\WINDOWS\System32\shlwapi.dll
0x00007ffe308c0000 - 0x00007ffe308e1000 	C:\WINDOWS\SYSTEM32\profapi.dll
0x00007ffe25e90000 - 0x00007ffe25e9a000 	C:\Program Files\Java\apache-maven-3.6.1\lib\jansi-native\windows64\jansi.dll
0x00007ffe1ce40000 - 0x00007ffe1ce5a000 	C:\Program Files\Java\jdk1.8.0_211\jre\bin\net.dll
0x00007ffe29290000 - 0x00007ffe2947e000 	C:\WINDOWS\SYSTEM32\urlmon.dll
0x00007ffe28f30000 - 0x00007ffe291e2000 	C:\WINDOWS\SYSTEM32\iertutil.dll
0x00007ffe28f00000 - 0x00007ffe28f28000 	C:\WINDOWS\SYSTEM32\srvcli.dll
0x00007ffe2f5b0000 - 0x00007ffe2f5bc000 	C:\WINDOWS\SYSTEM32\netutils.dll
0x00007ffe2ffb0000 - 0x00007ffe30017000 	C:\WINDOWS\system32\mswsock.dll
0x00007ffe1c360000 - 0x00007ffe1c372000 	C:\Program Files\Java\jdk1.8.0_211\jre\bin\nio.dll

VM Arguments:
jvm_args: -Dclassworlds.conf=C:\Program Files\Java\apache-maven-3.6.1\bin\..\bin\m2.conf -Dmaven.home=C:\Program Files\Java\apache-maven-3.6.1\bin\.. -Dlibrary.jansi.path=C:\Program Files\Java\apache-maven-3.6.1\bin\..\lib\jansi-native -Dmaven.multiModuleProjectDirectory=D:\Document\Teach\github\learn-junit5-examples 
java_command: org.codehaus.plexus.classworlds.launcher.Launcher clean test
java_class_path (initial): C:\Program Files\Java\apache-maven-3.6.1\bin\..\boot\plexus-classworlds-2.6.0.jar
Launcher Type: SUN_STANDARD

Environment Variables:
JAVA_HOME=C:\Program Files\Java\jdk1.8.0_211
CLASSPATH=.
PATH=C:\Program Files\Python37\Scripts\;C:\Program Files\Python37\;C:\Program Files (x86)\Common Files\Oracle\Java\javapath;C:\Windows\system32;C:\Windows;C:\Windows\System32\Wbem;C:\Windows\System32\WindowsPowerShell\v1.0\;C:\Windows\System32\OpenSSH\;C:\Program Files (x86)\NVIDIA Corporation\PhysX\Common;C:\Program Files\NVIDIA Corporation\NVIDIA NvDLISR;C:\Program Files\Intel\WiFi\bin\;C:\Program Files\Common Files\Intel\WirelessCommon\;C:\Program Files\Git\cmd;C:\Program Files\Microsoft VS Code\bin;C:\Program Files\nodejs\;C:\WINDOWS\system32;C:\WINDOWS;C:\WINDOWS\System32\Wbem;C:\WINDOWS\System32\WindowsPowerShell\v1.0\;C:\WINDOWS\System32\OpenSSH\;C:\Program Files\MySQL\MySQL Shell 8.0\bin\;C:\Users\xuleilei\AppData\Local\Microsoft\WindowsApps;C:\Program Files\JetBrains\PyCharm 2019.1.3\bin;;C:\Program Files\Java\jdk1.8.0_211\bin;C:\Users\xuleilei\AppData\Roaming\npm;C:\Program Files\Java\apache-maven-3.6.1\bin;C:\Program Files\MySQL\MySQL Server 8.0\bin;
USERNAME=xuleilei
OS=Windows_NT
PROCESSOR_IDENTIFIER=Intel64 Family 6 Model 142 Stepping 12, GenuineIntel



---------------  S Y S T E M  ---------------

OS: Windows 10.0 , 64 bit Build 22000 (10.0.22000.434)

CPU:total 8 (initial active 8) (4 cores per cpu, 2 threads per core) family 6 model 142 stepping 12, cmov, cx8, fxsr, mmx, sse, sse2, sse3, ssse3, sse4.1, sse4.2, popcnt, avx, avx2, aes, clmul, erms, 3dnowpref, lzcnt, ht, tsc, tscinvbit, bmi1, bmi2, adx

Memory: 4k page, physical 8230644k(349816k free), swap 18716400k(6780k free)

vm_info: Java HotSpot(TM) 64-Bit Server VM (25.211-b12) for windows-amd64 JRE (1.8.0_211-b12), built on Apr  1 2019 20:53:26 by "java_re" with MS VC++ 10.0 (VS2010)

time: Mon Jan 24 14:58:22 2022
timezone: 中国标准时间
elapsed time: 3 seconds (0d 0h 0m 3s)

